{
  "0 debug pnpm:scope": {
    "selected": 1
  },
  "1 error pnpm": {
    "errno": 1,
    "code": "ELIFECYCLE",
    "pkgid": "find-translation-keys@1.0.0",
    "stage": "start",
    "script": "node server.js",
    "pkgname": "find-translation-keys",
    "err": {
      "name": "pnpm",
      "message": "find-translation-keys@1.0.0 start: `node server.js`\nExit status 1",
      "code": "ELIFECYCLE",
      "stack": "pnpm: find-translation-keys@1.0.0 start: `node server.js`\nExit status 1\n    at EventEmitter.<anonymous> (C:\\Users\\Monst\\AppData\\Roaming\\npm\\node_modules\\pnpm\\dist\\pnpm.cjs:105736:20)\n    at EventEmitter.emit (node:events:513:28)\n    at ChildProcess.<anonymous> (C:\\Users\\Monst\\AppData\\Roaming\\npm\\node_modules\\pnpm\\dist\\pnpm.cjs:92297:18)\n    at ChildProcess.emit (node:events:513:28)\n    at maybeClose (node:internal/child_process:1100:16)\n    at Process.ChildProcess._handle.onexit (node:internal/child_process:304:5)"
    }
  },
  "2 warn pnpm:global": " Local package.json exists, but node_modules missing, did you mean to install?"
}